2020-03-22T11:03:25.2468245+00:00;VSTestExecutionThread;Info;SpecFlow+Runner execution started
2020-03-22T11:03:25.2473018+00:00;VSTestExecutionThread;Info;SpecFlow+Runner 3.1.53 in Framework netcore31 in x64 mode execution started
2020-03-22T11:03:25.2473113+00:00;VSTestExecutionThread;Info;TestAdapter Location: C:\Users\Lanka\source\repos\FirstSpecflowProject\FirstSpecflowProject\bin\Debug\netcoreapp3.1\TechTalk.SpecRun.VisualStudio.TestAdapter.dll
2020-03-22T11:03:25.2985869+00:00;VSTestExecutionThread;Info;SpecRun: running tests in C:\Users\Lanka\source\repos\FirstSpecflowProject\FirstSpecflowProject\bin\Debug\netcoreapp3.1\FirstSpecflowProject.dll
2020-03-22T11:03:25.2993868+00:00;VSTestExecutionThread;Info;Output folder configured to "C:\Users\Lanka\source\repos\FirstSpecflowProject\TestResults" (default)
2020-03-22T11:03:25.2997568+00:00;VSTestExecutionThread;Info;Profile: 
2020-03-22T11:03:25.3652211+00:00;VSTestExecutionThread;Info;Log file path: C:\Users\Lanka\source\repos\FirstSpecflowProject\TestResults\Unnamed project__2020-03-22T110325.log
2020-03-22T11:03:25.3799514+00:00;VSTestExecutionThread;Info;SpecFlow+Runner Evaluation Mode: Please purchase at http://www.specflow.org/plus to remove test execution delay.
2020-03-22T11:03:25.3938798+00:00;Thread#12;Info;Checking license
2020-03-22T11:03:25.4228925+00:00;Thread#12;Info;Evaluation mode: test execution starts in 11 seconds... (this delay is removed in the registered version)
2020-03-22T11:03:36.4237948+00:00;Thread#12;Info;Evaluation delay finished.
2020-03-22T11:03:36.4435082+00:00;Thread#12;Info;License check completed
2020-03-22T11:03:36.4450428+00:00;Thread#12;Info;starting test run
2020-03-22T11:03:36.4595775+00:00;Thread#12;Info;Discovering target: Default
2020-03-22T11:03:36.4608795+00:00;Thread#12;Info;Discovering tests from assembly: C:\Users\Lanka\source\repos\FirstSpecflowProject\FirstSpecflowProject\bin\Debug\netcoreapp3.1\FirstSpecflowProject.dll
2020-03-22T11:03:36.6731571+00:00;Thread#12;Info;Discovered tests from assembly: C:\Users\Lanka\source\repos\FirstSpecflowProject\FirstSpecflowProject\bin\Debug\netcoreapp3.1\FirstSpecflowProject.dll
2020-03-22T11:03:36.6755598+00:00:Test Suite Dump
2020-03-22T11:03:36.6795918+00:00:#0: Unnamed project/ - 
2020-03-22T11:03:36.6796428+00:00:#1: Default - 
2020-03-22T11:03:36.6796489+00:00:#2: FirstSpecflowProject - 
2020-03-22T11:03:36.6796525+00:00:#3: SpecFlowFeature - 
2020-03-22T11:03:36.6841558+00:00:#4: Add two numbers - TestAssembly:FirstSpecflowProject/Feature:SpecFlowFeature/Scenario:Add+two+numbers
2020-03-22T11:03:36.6844171+00:00:End: Test Suite Dump
2020-03-22T11:03:36.7281188+00:00:Thread#0:Scheduler: get next test for thread 0
2020-03-22T11:03:36.7336492+00:00:Thread#:Scheduler: testitem #4 from normal test queue 
2020-03-22T11:03:36.7339043+00:00:Thread#0:Scheduler: considering testitem #4 for thread 0
2020-03-22T11:03:36.7389721+00:00:Thread#0:TestItem#4:testItemMatchesCurrentTestThread:UnSpecific
2020-03-22T11:03:36.7389996+00:00:Thread#0:TestItem#4:runsOnOneOtherThreadSpecific:False
2020-03-22T11:03:36.7390081+00:00:Thread#0:TestItem#4:runsOnOneOtherThreadUnspecific:False
2020-03-22T11:03:36.7390138+00:00:Thread#0:Scheduler: using testitem #4 for thread 0
2020-03-22T11:03:36.7401711+00:00:Thread#0:Scheduler: Test #4 is scheduled for thread
2020-03-22T11:03:36.7428262+00:00:Thread#0:Scheduler: with testItemExecutionIndex 0
2020-03-22T11:03:36.7507112+00:00:Thread #0: creating new test thread executor for FirstSpecflowProject, Version=1.0.0.0, Culture=neutral, PublicKeyToken=null (target: Default)
2020-03-22T11:03:36.7577360+00:00:Thread #0: Creating test assembly executor for execution model OutProc
2020-03-22T11:03:36.7582656+00:00:Thread #0: Creating test assembly executor for execution model OutProc
2020-03-22T11:03:36.7727227+00:00:Thread #0: using TechTalk.SpecRun.Framework.Execution.OutOfProc.StreamJsonRPC.OutOfProcessTestAssemblyExecutorHost to execute tests
2020-03-22T11:03:36.7789242+00:00:starting Out Of Process Executor
2020-03-22T11:03:36.7919298+00:00:Assembly resolving Microsoft.VisualStudio.Validation, Version=15.3.0.0, Culture=neutral, PublicKeyToken=b03f5f7f11d50a3a
2020-03-22T11:03:36.8009571+00:00:[AssemblyCache] Trying to resolve 'Microsoft.VisualStudio.Validation' from .deps.json file
2020-03-22T11:03:36.8009866+00:00:[AssemblyCache] Could not resolve 'Microsoft.VisualStudio.Validation' from .deps.json
2020-03-22T11:03:36.8042185+00:00:[AssemblyCache] Trying to resolve 'Microsoft.VisualStudio.Validation' in folder 'C:\Users\Lanka\source\repos\FirstSpecflowProject\FirstSpecflowProject\bin\Debug\netcoreapp3.1'
2020-03-22T11:03:36.8051613+00:00:[AssemblyCache] Trying to resolve 'Microsoft.VisualStudio.Validation' to 'C:\Users\Lanka\source\repos\FirstSpecflowProject\FirstSpecflowProject\bin\Debug\netcoreapp3.1\Microsoft.VisualStudio.Validation.dll'
2020-03-22T11:03:36.8053496+00:00:[AssemblyCache] Trying to resolve 'Microsoft.VisualStudio.Validation' to 'C:\Users\Lanka\source\repos\FirstSpecflowProject\FirstSpecflowProject\bin\Debug\netcoreapp3.1\Microsoft.VisualStudio.Validation.exe'
2020-03-22T11:03:36.8054483+00:00:[AssemblyCache] Could not resolve 'Microsoft.VisualStudio.Validation' in folder 'C:\Users\Lanka\source\repos\FirstSpecflowProject\FirstSpecflowProject\bin\Debug\netcoreapp3.1'
2020-03-22T11:03:36.8251788+00:00:[AssemblyCache] Trying to resolve 'Microsoft.VisualStudio.Validation' in folder 'C:\Program Files\dotnet\shared\Microsoft.AspNetCore.App\3.1.1'
2020-03-22T11:03:36.8252093+00:00:[AssemblyCache] Trying to resolve 'Microsoft.VisualStudio.Validation' to 'C:\Program Files\dotnet\shared\Microsoft.AspNetCore.App\3.1.1\Microsoft.VisualStudio.Validation.dll'
2020-03-22T11:03:36.8253463+00:00:[AssemblyCache] Trying to resolve 'Microsoft.VisualStudio.Validation' to 'C:\Program Files\dotnet\shared\Microsoft.AspNetCore.App\3.1.1\Microsoft.VisualStudio.Validation.exe'
2020-03-22T11:03:36.8254442+00:00:[AssemblyCache] Could not resolve 'Microsoft.VisualStudio.Validation' in folder 'C:\Program Files\dotnet\shared\Microsoft.AspNetCore.App\3.1.1'
2020-03-22T11:03:36.8259235+00:00:[AssemblyCache] Trying to resolve 'Microsoft.VisualStudio.Validation' in folder 'C:\Program Files\dotnet\shared\Microsoft.NETCore.App\3.1.1'
2020-03-22T11:03:36.8259405+00:00:[AssemblyCache] Trying to resolve 'Microsoft.VisualStudio.Validation' to 'C:\Program Files\dotnet\shared\Microsoft.NETCore.App\3.1.1\Microsoft.VisualStudio.Validation.dll'
2020-03-22T11:03:36.8260341+00:00:[AssemblyCache] Trying to resolve 'Microsoft.VisualStudio.Validation' to 'C:\Program Files\dotnet\shared\Microsoft.NETCore.App\3.1.1\Microsoft.VisualStudio.Validation.exe'
2020-03-22T11:03:36.8261185+00:00:[AssemblyCache] Could not resolve 'Microsoft.VisualStudio.Validation' in folder 'C:\Program Files\dotnet\shared\Microsoft.NETCore.App\3.1.1'
2020-03-22T11:03:36.8265608+00:00:[AssemblyCache] Trying to resolve 'Microsoft.VisualStudio.Validation' in folder 'C:\Program Files\dotnet\shared\Microsoft.WindowsDesktop.App\3.1.1'
2020-03-22T11:03:36.8265809+00:00:[AssemblyCache] Trying to resolve 'Microsoft.VisualStudio.Validation' to 'C:\Program Files\dotnet\shared\Microsoft.WindowsDesktop.App\3.1.1\Microsoft.VisualStudio.Validation.dll'
2020-03-22T11:03:36.8267362+00:00:[AssemblyCache] Trying to resolve 'Microsoft.VisualStudio.Validation' to 'C:\Program Files\dotnet\shared\Microsoft.WindowsDesktop.App\3.1.1\Microsoft.VisualStudio.Validation.exe'
2020-03-22T11:03:36.8268336+00:00:[AssemblyCache] Could not resolve 'Microsoft.VisualStudio.Validation' in folder 'C:\Program Files\dotnet\shared\Microsoft.WindowsDesktop.App\3.1.1'
2020-03-22T11:03:36.8365036+00:00:Starting callback TCP Rpc server
2020-03-22T11:03:36.8929363+00:00:Asynchronously starting background TCP Rpc Server on port 32768
2020-03-22T11:03:36.8941972+00:00:Started callback TCP Rpc server on port 32768
2020-03-22T11:03:36.8942243+00:00:Starting logger TCP Rpc server
2020-03-22T11:03:36.9158826+00:00:Asynchronously starting background TCP Rpc Server on port 32769
2020-03-22T11:03:36.9159595+00:00:Started logger TCP Rpc server on port 32769
2020-03-22T11:03:37.1230574+00:00:Executing test executor at 'C:\Program Files\dotnet\dotnet.exe' 'exec "C:\Users\Lanka\source\repos\FirstSpecflowProject\FirstSpecflowProject\bin\Debug\netcoreapp3.1\SpecFlowPlusRunner\netcoreapp3.1\TechTalk.SpecRun.Framework.Executor.anycpu.netcoreapp3_1.dll" --remoteRunnerPid 6212 --uniqueId "2020-03-22T110325" --outputFolder "C:\Users\Lanka\source\repos\FirstSpecflowProject\TestResults" --callbackPort 32768 --loggerPort 32769' in 'C:\Users\Lanka\source\repos\FirstSpecflowProject\FirstSpecflowProject\bin\Debug\netcoreapp3.1'
2020-03-22T11:03:37.1575182+00:00:Executor with PID 2892 has been started successfully.
2020-03-22T11:03:37.1654193+00:00:Out of Process Executor 2892 started
2020-03-22T11:03:37.1654465+00:00:Waiting for endpoint
2020-03-22T11:03:38.0327463+00:00:Assembly resolving Microsoft.VisualStudio.Threading, Version=15.3.0.0, Culture=neutral, PublicKeyToken=b03f5f7f11d50a3a
2020-03-22T11:03:38.0327831+00:00:[AssemblyCache] Trying to resolve 'Microsoft.VisualStudio.Threading' from .deps.json file
2020-03-22T11:03:38.0327893+00:00:[AssemblyCache] Could not resolve 'Microsoft.VisualStudio.Threading' from .deps.json
2020-03-22T11:03:38.0327983+00:00:[AssemblyCache] Trying to resolve 'Microsoft.VisualStudio.Threading' in folder 'C:\Users\Lanka\source\repos\FirstSpecflowProject\FirstSpecflowProject\bin\Debug\netcoreapp3.1'
2020-03-22T11:03:38.0328024+00:00:[AssemblyCache] Trying to resolve 'Microsoft.VisualStudio.Threading' to 'C:\Users\Lanka\source\repos\FirstSpecflowProject\FirstSpecflowProject\bin\Debug\netcoreapp3.1\Microsoft.VisualStudio.Threading.dll'
2020-03-22T11:03:38.0329328+00:00:[AssemblyCache] Trying to resolve 'Microsoft.VisualStudio.Threading' to 'C:\Users\Lanka\source\repos\FirstSpecflowProject\FirstSpecflowProject\bin\Debug\netcoreapp3.1\Microsoft.VisualStudio.Threading.exe'
2020-03-22T11:03:38.0330333+00:00:[AssemblyCache] Could not resolve 'Microsoft.VisualStudio.Threading' in folder 'C:\Users\Lanka\source\repos\FirstSpecflowProject\FirstSpecflowProject\bin\Debug\netcoreapp3.1'
2020-03-22T11:03:38.0347965+00:00:[AssemblyCache] Trying to resolve 'Microsoft.VisualStudio.Threading' in folder 'C:\Program Files\dotnet\shared\Microsoft.AspNetCore.App\3.1.1'
2020-03-22T11:03:38.0348186+00:00:[AssemblyCache] Trying to resolve 'Microsoft.VisualStudio.Threading' to 'C:\Program Files\dotnet\shared\Microsoft.AspNetCore.App\3.1.1\Microsoft.VisualStudio.Threading.dll'
2020-03-22T11:03:38.0349549+00:00:[AssemblyCache] Trying to resolve 'Microsoft.VisualStudio.Threading' to 'C:\Program Files\dotnet\shared\Microsoft.AspNetCore.App\3.1.1\Microsoft.VisualStudio.Threading.exe'
2020-03-22T11:03:38.0350421+00:00:[AssemblyCache] Could not resolve 'Microsoft.VisualStudio.Threading' in folder 'C:\Program Files\dotnet\shared\Microsoft.AspNetCore.App\3.1.1'
2020-03-22T11:03:38.0354865+00:00:[AssemblyCache] Trying to resolve 'Microsoft.VisualStudio.Threading' in folder 'C:\Program Files\dotnet\shared\Microsoft.NETCore.App\3.1.1'
2020-03-22T11:03:38.0355035+00:00:[AssemblyCache] Trying to resolve 'Microsoft.VisualStudio.Threading' to 'C:\Program Files\dotnet\shared\Microsoft.NETCore.App\3.1.1\Microsoft.VisualStudio.Threading.dll'
2020-03-22T11:03:38.0355969+00:00:[AssemblyCache] Trying to resolve 'Microsoft.VisualStudio.Threading' to 'C:\Program Files\dotnet\shared\Microsoft.NETCore.App\3.1.1\Microsoft.VisualStudio.Threading.exe'
2020-03-22T11:03:38.0356777+00:00:[AssemblyCache] Could not resolve 'Microsoft.VisualStudio.Threading' in folder 'C:\Program Files\dotnet\shared\Microsoft.NETCore.App\3.1.1'
2020-03-22T11:03:38.0360681+00:00:[AssemblyCache] Trying to resolve 'Microsoft.VisualStudio.Threading' in folder 'C:\Program Files\dotnet\shared\Microsoft.WindowsDesktop.App\3.1.1'
2020-03-22T11:03:38.0360802+00:00:[AssemblyCache] Trying to resolve 'Microsoft.VisualStudio.Threading' to 'C:\Program Files\dotnet\shared\Microsoft.WindowsDesktop.App\3.1.1\Microsoft.VisualStudio.Threading.dll'
2020-03-22T11:03:38.0361631+00:00:[AssemblyCache] Trying to resolve 'Microsoft.VisualStudio.Threading' to 'C:\Program Files\dotnet\shared\Microsoft.WindowsDesktop.App\3.1.1\Microsoft.VisualStudio.Threading.exe'
2020-03-22T11:03:38.0362460+00:00:[AssemblyCache] Could not resolve 'Microsoft.VisualStudio.Threading' in folder 'C:\Program Files\dotnet\shared\Microsoft.WindowsDesktop.App\3.1.1'
2020-03-22T11:03:47.1716152+00:00:System.Exception: Executor TCP server not started in executor process
   at TechTalk.SpecRun.Framework.Execution.OutOfProc.StreamJsonRPC.OutOfProcessTestAssemblyExecutorHost.<>c__DisplayClass9_0.<Initialize>b__0(Int32 attempt)
   at TechTalk.SpecRun.Framework.Execution.OutOfProc.StreamJsonRPC.OutOfProcessTestAssemblyExecutorHost.WaitForEndpoint(ITestExecutionManager executionManager, Process process, Action`1 action)
2020-03-22T11:03:58.1745485+00:00:System.Exception: Executor TCP server not started in executor process
   at TechTalk.SpecRun.Framework.Execution.OutOfProc.StreamJsonRPC.OutOfProcessTestAssemblyExecutorHost.<>c__DisplayClass9_0.<Initialize>b__0(Int32 attempt)
   at TechTalk.SpecRun.Framework.Execution.OutOfProc.StreamJsonRPC.OutOfProcessTestAssemblyExecutorHost.WaitForEndpoint(ITestExecutionManager executionManager, Process process, Action`1 action)
2020-03-22T11:03:59.1821334+00:00:RPC Server disconnected, because 'Disposed'. 
LastMessage: 
Description:Reached end of stream.
Exception:<none>
2020-03-22T11:04:07.2121221+00:00:OutOfProcessExecutor StdOut: 
2020-03-22T11:04:09.1775085+00:00:System.Exception: Executor TCP server not started in executor process
   at TechTalk.SpecRun.Framework.Execution.OutOfProc.StreamJsonRPC.OutOfProcessTestAssemblyExecutorHost.<>c__DisplayClass9_0.<Initialize>b__0(Int32 attempt)
   at TechTalk.SpecRun.Framework.Execution.OutOfProc.StreamJsonRPC.OutOfProcessTestAssemblyExecutorHost.WaitForEndpoint(ITestExecutionManager executionManager, Process process, Action`1 action)
2020-03-22T11:04:09.1781995+00:00:System.Exception: Executor TCP server not started in executor process
   at TechTalk.SpecRun.Framework.Execution.OutOfProc.StreamJsonRPC.OutOfProcessTestAssemblyExecutorHost.<>c__DisplayClass9_0.<Initialize>b__0(Int32 attempt)
   at TechTalk.SpecRun.Framework.Execution.OutOfProc.StreamJsonRPC.OutOfProcessTestAssemblyExecutorHost.WaitForEndpoint(ITestExecutionManager executionManager, Process process, Action`1 action)
   at TechTalk.SpecRun.Framework.Execution.OutOfProc.StreamJsonRPC.OutOfProcessTestAssemblyExecutorHost.Initialize(Int32 threadId, ITestExecutionManager executionManager, IAssemblyReference testAssembly, ITestLogger currentLogger, String testAssemblyFullPath, String testAssemblyConfigFilePath, TestExecutionConfiguration testExecutionConfiguration, String target)
2020-03-22T11:04:09.1846649+00:00:Assembly resolving System.Diagnostics.Process.resources, Version=4.2.2.0, Culture=en-US, PublicKeyToken=b03f5f7f11d50a3a
2020-03-22T11:04:09.1847505+00:00:[AssemblyCache] Trying to resolve 'System.Diagnostics.Process.resources' from .deps.json file
2020-03-22T11:04:09.1847606+00:00:[AssemblyCache] Could not resolve 'System.Diagnostics.Process.resources' from .deps.json
2020-03-22T11:04:09.1847716+00:00:[AssemblyCache] Trying to resolve 'System.Diagnostics.Process.resources' in folder 'C:\Users\Lanka\source\repos\FirstSpecflowProject\FirstSpecflowProject\bin\Debug\netcoreapp3.1'
2020-03-22T11:04:09.1847751+00:00:[AssemblyCache] Trying to resolve 'System.Diagnostics.Process.resources' to 'C:\Users\Lanka\source\repos\FirstSpecflowProject\FirstSpecflowProject\bin\Debug\netcoreapp3.1\System.Diagnostics.Process.resources.dll'
2020-03-22T11:04:09.1849403+00:00:[AssemblyCache] Trying to resolve 'System.Diagnostics.Process.resources' to 'C:\Users\Lanka\source\repos\FirstSpecflowProject\FirstSpecflowProject\bin\Debug\netcoreapp3.1\System.Diagnostics.Process.resources.exe'
2020-03-22T11:04:09.1850382+00:00:[AssemblyCache] Could not resolve 'System.Diagnostics.Process.resources' in folder 'C:\Users\Lanka\source\repos\FirstSpecflowProject\FirstSpecflowProject\bin\Debug\netcoreapp3.1'
2020-03-22T11:04:09.1862808+00:00:[AssemblyCache] Trying to resolve 'System.Diagnostics.Process.resources' in folder 'C:\Program Files\dotnet\shared\Microsoft.AspNetCore.App\3.1.1'
2020-03-22T11:04:09.1863007+00:00:[AssemblyCache] Trying to resolve 'System.Diagnostics.Process.resources' to 'C:\Program Files\dotnet\shared\Microsoft.AspNetCore.App\3.1.1\System.Diagnostics.Process.resources.dll'
2020-03-22T11:04:09.1864097+00:00:[AssemblyCache] Trying to resolve 'System.Diagnostics.Process.resources' to 'C:\Program Files\dotnet\shared\Microsoft.AspNetCore.App\3.1.1\System.Diagnostics.Process.resources.exe'
2020-03-22T11:04:09.1864971+00:00:[AssemblyCache] Could not resolve 'System.Diagnostics.Process.resources' in folder 'C:\Program Files\dotnet\shared\Microsoft.AspNetCore.App\3.1.1'
2020-03-22T11:04:09.1868148+00:00:[AssemblyCache] Trying to resolve 'System.Diagnostics.Process.resources' in folder 'C:\Program Files\dotnet\shared\Microsoft.NETCore.App\3.1.1'
2020-03-22T11:04:09.1868256+00:00:[AssemblyCache] Trying to resolve 'System.Diagnostics.Process.resources' to 'C:\Program Files\dotnet\shared\Microsoft.NETCore.App\3.1.1\System.Diagnostics.Process.resources.dll'
2020-03-22T11:04:09.1869324+00:00:[AssemblyCache] Trying to resolve 'System.Diagnostics.Process.resources' to 'C:\Program Files\dotnet\shared\Microsoft.NETCore.App\3.1.1\System.Diagnostics.Process.resources.exe'
2020-03-22T11:04:09.1870291+00:00:[AssemblyCache] Could not resolve 'System.Diagnostics.Process.resources' in folder 'C:\Program Files\dotnet\shared\Microsoft.NETCore.App\3.1.1'
2020-03-22T11:04:09.1873439+00:00:[AssemblyCache] Trying to resolve 'System.Diagnostics.Process.resources' in folder 'C:\Program Files\dotnet\shared\Microsoft.WindowsDesktop.App\3.1.1'
2020-03-22T11:04:09.1873544+00:00:[AssemblyCache] Trying to resolve 'System.Diagnostics.Process.resources' to 'C:\Program Files\dotnet\shared\Microsoft.WindowsDesktop.App\3.1.1\System.Diagnostics.Process.resources.dll'
2020-03-22T11:04:09.1874447+00:00:[AssemblyCache] Trying to resolve 'System.Diagnostics.Process.resources' to 'C:\Program Files\dotnet\shared\Microsoft.WindowsDesktop.App\3.1.1\System.Diagnostics.Process.resources.exe'
2020-03-22T11:04:09.1875351+00:00:[AssemblyCache] Could not resolve 'System.Diagnostics.Process.resources' in folder 'C:\Program Files\dotnet\shared\Microsoft.WindowsDesktop.App\3.1.1'
2020-03-22T11:04:09.1884937+00:00:Assembly resolving System.Diagnostics.Process.resources, Version=4.2.2.0, Culture=en, PublicKeyToken=b03f5f7f11d50a3a
2020-03-22T11:04:09.1911530+00:00:Thread #0: Error while unpacking executor: System.Exception: Executor TCP server not started in executor process
   at TechTalk.SpecRun.Framework.Execution.OutOfProc.StreamJsonRPC.OutOfProcessTestAssemblyExecutorHost.<>c__DisplayClass9_0.<Initialize>b__0(Int32 attempt)
   at TechTalk.SpecRun.Framework.Execution.OutOfProc.StreamJsonRPC.OutOfProcessTestAssemblyExecutorHost.WaitForEndpoint(ITestExecutionManager executionManager, Process process, Action`1 action)
   at TechTalk.SpecRun.Framework.Execution.OutOfProc.StreamJsonRPC.OutOfProcessTestAssemblyExecutorHost.Initialize(Int32 threadId, ITestExecutionManager executionManager, IAssemblyReference testAssembly, ITestLogger currentLogger, String testAssemblyFullPath, String testAssemblyConfigFilePath, TestExecutionConfiguration testExecutionConfiguration, String target)
   at TechTalk.SpecRun.Framework.TestThread.InitializeExecutor(ITestAssemblyExecutor executor, DeploymentContext deploymentContext, IAssemblyReference testAssembly)
2020-03-22T11:04:09.1916578+00:00:test thread #0 error: System.Exception: Executor TCP server not started in executor process
   at TechTalk.SpecRun.Framework.TestThread.UnpackTestThreadExecutorInfoResult(IResult`1 testThreadExecutorInfoResult)
   at TechTalk.SpecRun.Framework.TestThread.InitializeTestThreadExecutor(IAssemblyReference testAssembly, ExecutionModelSettings executionModelSettings, String testTarget)
   at TechTalk.SpecRun.Framework.TestThread.GetThreadExecutor(IAssemblyReference testAssembly, ExecutionModelSettings executionModelSettings, String testTarget)
   at TechTalk.SpecRun.Framework.TestThread.GetThreadExecutorForTestItem(TestItem testItem)
   at TechTalk.SpecRun.Framework.TestThread.RunNonEmptyTestSuite(CancellationToken cancellationToken, TestThreadState testThreadState)
   at TechTalk.SpecRun.Framework.TestThread.Run(ITestExecutionManager executionManagerForRun, CancellationToken cancellationToken)
   at TechTalk.SpecRun.Framework.AsyncTestThreadRunner.RunSync(TestExecutionManager executionManager, CancellationToken cancellationToken)
2020-03-22T11:04:09.1935073+00:00:test thread error: TechTalk.SpecRun.Framework.SpecRunException: At least one test thread aborted.
 ---> System.Exception: Executor TCP server not started in executor process
   at TechTalk.SpecRun.Framework.TestThread.UnpackTestThreadExecutorInfoResult(IResult`1 testThreadExecutorInfoResult)
   at TechTalk.SpecRun.Framework.TestThread.InitializeTestThreadExecutor(IAssemblyReference testAssembly, ExecutionModelSettings executionModelSettings, String testTarget)
   at TechTalk.SpecRun.Framework.TestThread.GetThreadExecutor(IAssemblyReference testAssembly, ExecutionModelSettings executionModelSettings, String testTarget)
   at TechTalk.SpecRun.Framework.TestThread.GetThreadExecutorForTestItem(TestItem testItem)
   at TechTalk.SpecRun.Framework.TestThread.RunNonEmptyTestSuite(CancellationToken cancellationToken, TestThreadState testThreadState)
   at TechTalk.SpecRun.Framework.TestThread.Run(ITestExecutionManager executionManagerForRun, CancellationToken cancellationToken)
   at TechTalk.SpecRun.Framework.AsyncTestThreadRunner.RunSync(TestExecutionManager executionManager, CancellationToken cancellationToken)
   --- End of inner exception stack trace ---
2020-03-22T11:04:09.2031885+00:00:Thread#-1: Test #4/0 is started on thread #-1
2020-03-22T11:04:09.2070741+00:00:Thread#-1: Test #4/0 is finished on thread #-1 as Skipped within 0.0016646 seconds
2020-03-22T11:04:09.2113651+00:00:Thread#-1:Scheduler: get next test for thread -1
2020-03-22T11:04:09.2114382+00:00:Thread#:Scheduler: at the end of normal test queue
2020-03-22T11:04:09.2114487+00:00:Thread#-1:Scheduler: enumerator for thread is at end
2020-03-22T11:04:09.2195549+00:00;Thread#12;Info;test run finished
2020-03-22T11:04:09.2199353+00:00;Thread#12;Info;publishing test results
2020-03-22T11:04:09.2204427+00:00;Thread#12;Info;Not publishing results.
2020-03-22T11:04:09.2207157+00:00;Thread#12;Info;test results published
2020-03-22T11:04:09.2209718+00:00;Thread#12;Info;generating reports
2020-03-22T11:04:09.5382287+00:00;Thread#12;Error;Newtonsoft.Json.JsonSerializationException thrown during serialization: Newtonsoft.Json.JsonSerializationException: Self referencing loop detected for property 'ManifestModule' with type 'System.Reflection.RuntimeModule'. Path 'Summary.FrameworkErrorException.InnerException.TargetSite.Module.Assembly'.
   at Newtonsoft.Json.Serialization.JsonSerializerInternalWriter.CheckForCircularReference(JsonWriter writer, Object value, JsonProperty property, JsonContract contract, JsonContainerContract containerContract, JsonProperty containerProperty)
   at Newtonsoft.Json.Serialization.JsonSerializerInternalWriter.CalculatePropertyValues(JsonWriter writer, Object value, JsonContainerContract contract, JsonProperty member, JsonProperty property, JsonContract& memberContract, Object& memberValue)
   at Newtonsoft.Json.Serialization.JsonSerializerInternalWriter.SerializeObject(JsonWriter writer, Object value, JsonObjectContract contract, JsonProperty member, JsonContainerContract collectionContract, JsonProperty containerProperty)
   at Newtonsoft.Json.Serialization.JsonSerializerInternalWriter.SerializeValue(JsonWriter writer, Object value, JsonContract valueContract, JsonProperty member, JsonContainerContract containerContract, JsonProperty containerProperty)
   at Newtonsoft.Json.Serialization.JsonSerializerInternalWriter.SerializeObject(JsonWriter writer, Object value, JsonObjectContract contract, JsonProperty member, JsonContainerContract collectionContract, JsonProperty containerProperty)
   at Newtonsoft.Json.Serialization.JsonSerializerInternalWriter.SerializeValue(JsonWriter writer, Object value, JsonContract valueContract, JsonProperty member, JsonContainerContract containerContract, JsonProperty containerProperty)
   at Newtonsoft.Json.Serialization.JsonSerializerInternalWriter.SerializeObject(JsonWriter writer, Object value, JsonObjectContract contract, JsonProperty member, JsonContainerContract collectionContract, JsonProperty containerProperty)
   at Newtonsoft.Json.Serialization.JsonSerializerInternalWriter.SerializeValue(JsonWriter writer, Object value, JsonContract valueContract, JsonProperty member, JsonContainerContract containerContract, JsonProperty containerProperty)
   at Newtonsoft.Json.Serialization.JsonSerializerInternalWriter.SerializeObject(JsonWriter writer, Object value, JsonObjectContract contract, JsonProperty member, JsonContainerContract collectionContract, JsonProperty containerProperty)
   at Newtonsoft.Json.Serialization.JsonSerializerInternalWriter.SerializeValue(JsonWriter writer, Object value, JsonContract valueContract, JsonProperty member, JsonContainerContract containerContract, JsonProperty containerProperty)
   at Newtonsoft.Json.Serialization.JsonSerializerInternalWriter.SerializeObject(JsonWriter writer, Object value, JsonObjectContract contract, JsonProperty member, JsonContainerContract collectionContract, JsonProperty containerProperty)
   at Newtonsoft.Json.Serialization.JsonSerializerInternalWriter.SerializeValue(JsonWriter writer, Object value, JsonContract valueContract, JsonProperty member, JsonContainerContract containerContract, JsonProperty containerProperty)
   at Newtonsoft.Json.Serialization.JsonSerializerInternalWriter.SerializeObject(JsonWriter writer, Object value, JsonObjectContract contract, JsonProperty member, JsonContainerContract collectionContract, JsonProperty containerProperty)
   at Newtonsoft.Json.Serialization.JsonSerializerInternalWriter.SerializeValue(JsonWriter writer, Object value, JsonContract valueContract, JsonProperty member, JsonContainerContract containerContract, JsonProperty containerProperty)
   at Newtonsoft.Json.Serialization.JsonSerializerInternalWriter.SerializeObject(JsonWriter writer, Object value, JsonObjectContract contract, JsonProperty member, JsonContainerContract collectionContract, JsonProperty containerProperty)
   at Newtonsoft.Json.Serialization.JsonSerializerInternalWriter.SerializeValue(JsonWriter writer, Object value, JsonContract valueContract, JsonProperty member, JsonContainerContract containerContract, JsonProperty containerProperty)
   at Newtonsoft.Json.Serialization.JsonSerializerInternalWriter.Serialize(JsonWriter jsonWriter, Object value, Type objectType)
   at Newtonsoft.Json.JsonSerializer.SerializeInternal(JsonWriter jsonWriter, Object value, Type objectType)
   at Newtonsoft.Json.JsonSerializer.Serialize(JsonWriter jsonWriter, Object value)
   at Newtonsoft.Json.JsonSerializer.Serialize(TextWriter textWriter, Object value)
   at TechTalk.SpecRun.Framework.Services.JsonNetSerializer.Serialize[T](T value, FSharpOption`1 target)
2020-03-22T11:04:09.5389064+00:00;Thread#12;Error;Failed writing reporting data to file "C:\Users\Lanka\AppData\Local\Temp\tmpEB3D.tmp".
2020-03-22T11:04:09.5402367+00:00;Thread#12;Info;Failed generating reports
2020-03-22T11:04:09.5666675+00:00:Total: 1
2020-03-22T11:04:09.5706825+00:00:Succeeded: 0
2020-03-22T11:04:09.5714252+00:00:Ignored: 0
2020-03-22T11:04:09.5721426+00:00:Pending: 0
2020-03-22T11:04:09.5721602+00:00:Skipped: 1
2020-03-22T11:04:09.5729038+00:00:Failed: 0
2020-03-22T11:04:09.5781987+00:00;VSTestExecutionThread;Info;Adding attachments to VSTest
========== End of log file ==========
